0.6462 	WARNING 	Movie2 stim could not be imported and won't be available
5.1200 	EXP 	Created window1 = Window(allowGUI=False, allowStencil=False, autoLog=True, bitsMode=UNKNOWN, blendMode='avg', color=array([ 0.,  0.,  0.]), colorSpace='rgb', fullscr=UNKNOWN, gamma=None, lms=UNKNOWN, monitor=<psychopy.monitors.calibTools.Monitor instance at 0xb30e0d0>, name='window1', pos=[0, 0], screen=0, size=array([1440,  900]), stereo=False, units=u'norm', useFBO=True, viewOri=0.0, viewPos=None, viewScale=None, waitBlanking=True, winType='pyglet')
5.1201 	EXP 	window1: recordFrameIntervals = False
5.2859 	EXP 	window1: recordFrameIntervals = True
5.4704 	EXP 	window1: recordFrameIntervals = False
5.7123 	EXP 	Created Instructions = TextStim(alignHoriz='center', alignVert='center', antialias=True, autoLog=True, bold=False, color=u'white', colorSpace='named', contrast=1.0, depth=-1.0, flipHoriz=False, flipVert=False, font=u'Arial', fontFiles=[], height=0.1, italic=False, name='Instructions', opacity=1.0, ori=0, pos=array([ 0.,  0.]), rgb=array([ 255.,  255.,  255.]), text=unicode(...), units=u'norm', win=Window(...), wrapWidth=1)
5.7177 	EXP 	Created image = ImageStim(autoLog=True, color=array([ 1.,  1.,  1.]), colorSpace='rgb', contrast=1.0, depth=0.0, flipHoriz=False, flipVert=False, image='sin', interpolate=True, mask=None, maskParams=None, name='image', opacity=1.0, ori=0.0, pos=array([ 0.,  0.]), size=array([ 1.,  1.]), texRes=128, units=u'norm', win=Window(...))
5.7182 	EXP 	window1: recordFrameIntervals = False
5.7378 	EXP 	Instructions: autoDraw = True
5.7381 	EXP 	window1: recordFrameIntervals = False
6.1484 	DATA 	Keypress: space
6.2502 	EXP 	Imported images/datafile.xlsx as conditions, 10 conditions, 2 params
6.2508 	EXP 	Created sequence: random, trialTypes=10, nReps=1, seed=None
6.2515 	EXP 	New trial (rep=0, index=0): {u'correct_ans': u'left', u'images': u'images/gorilla_face.jpeg'}
6.2737 	EXP 	Instructions: autoDraw = False
6.2737 	EXP 	image: image = u'images/gorilla_face.jpeg'
6.2737 	EXP 	image: autoDraw = True
7.2118 	DATA 	Keypress: left
7.2135 	EXP 	New trial (rep=0, index=1): {u'correct_ans': u'left', u'images': u'images/gorilla_fat.jpeg'}
7.2278 	EXP 	image: autoDraw = False
7.2278 	EXP 	image: image = u'images/gorilla_fat.jpeg'
7.2278 	EXP 	image: autoDraw = True
7.8478 	DATA 	Keypress: left
7.8494 	EXP 	New trial (rep=0, index=2): {u'correct_ans': u'up', u'images': u'images/santa_hog.jpeg'}
7.8641 	EXP 	image: autoDraw = False
7.8641 	EXP 	image: image = u'images/santa_hog.jpeg'
7.8641 	EXP 	image: autoDraw = True
8.9527 	DATA 	Keypress: up
8.9541 	EXP 	New trial (rep=0, index=3): {u'correct_ans': u'up', u'images': u'images/marshmallow_hog.jpeg'}
8.9690 	EXP 	image: autoDraw = False
8.9690 	EXP 	image: image = u'images/marshmallow_hog.jpeg'
8.9690 	EXP 	image: autoDraw = True
9.5722 	DATA 	Keypress: up
9.5735 	EXP 	New trial (rep=0, index=4): {u'correct_ans': u'up', u'images': u'images/icecream_hog.jpeg'}
9.5884 	EXP 	image: autoDraw = False
9.5884 	EXP 	image: image = u'images/icecream_hog.jpeg'
9.5884 	EXP 	image: autoDraw = True
10.1748 	DATA 	Keypress: up
10.1760 	EXP 	New trial (rep=0, index=5): {u'correct_ans': u'up', u'images': u'images/egg_hog.jpeg'}
10.1910 	EXP 	image: autoDraw = False
10.1910 	EXP 	image: image = u'images/egg_hog.jpeg'
10.1910 	EXP 	image: autoDraw = True
10.9785 	DATA 	Keypress: up
10.9798 	EXP 	New trial (rep=0, index=6): {u'correct_ans': u'left', u'images': u'images/gorilla_tongue.jpeg'}
10.9947 	EXP 	image: autoDraw = False
10.9947 	EXP 	image: image = u'images/gorilla_tongue.jpeg'
10.9947 	EXP 	image: autoDraw = True
11.6004 	DATA 	Keypress: left
11.6020 	EXP 	New trial (rep=0, index=7): {u'correct_ans': u'right', u'images': u'images/cat_eyes.jpeg'}
11.6154 	EXP 	image: autoDraw = False
11.6154 	EXP 	image: image = u'images/cat_eyes.jpeg'
11.6154 	EXP 	image: autoDraw = True
12.2005 	DATA 	Keypress: right
12.2019 	EXP 	New trial (rep=0, index=8): {u'correct_ans': u'right', u'images': u'images/rat_cat.jpeg'}
12.2168 	EXP 	image: autoDraw = False
12.2168 	EXP 	image: image = u'images/rat_cat.jpeg'
12.2168 	EXP 	image: autoDraw = True
12.8200 	DATA 	Keypress: right
12.8213 	EXP 	New trial (rep=0, index=9): {u'correct_ans': u'right', u'images': u'images/ear_muffs_cat.jpeg'}
12.8362 	EXP 	image: autoDraw = False
12.8362 	EXP 	image: image = u'images/ear_muffs_cat.jpeg'
12.8362 	EXP 	image: autoDraw = True
13.3724 	DATA 	Keypress: right
