0.6239 	WARNING 	Movie2 stim could not be imported and won't be available
5.1174 	EXP 	Created window1 = Window(allowGUI=False, allowStencil=False, autoLog=True, bitsMode=UNKNOWN, blendMode='avg', color=array([ 0.,  0.,  0.]), colorSpace='rgb', fullscr=UNKNOWN, gamma=None, lms=UNKNOWN, monitor=<psychopy.monitors.calibTools.Monitor instance at 0xb2e10a8>, name='window1', pos=[0, 0], screen=0, size=array([1440,  900]), stereo=False, units=u'norm', useFBO=True, viewOri=0.0, viewPos=None, viewScale=None, waitBlanking=True, winType='pyglet')
5.1174 	EXP 	window1: recordFrameIntervals = False
5.2832 	EXP 	window1: recordFrameIntervals = True
5.4676 	EXP 	window1: recordFrameIntervals = False
5.6960 	EXP 	Created Instructions = TextStim(alignHoriz='center', alignVert='center', antialias=True, autoLog=True, bold=False, color=u'white', colorSpace='named', contrast=1.0, depth=-1.0, flipHoriz=False, flipVert=False, font=u'Arial', fontFiles=[], height=0.1, italic=False, name='Instructions', opacity=1.0, ori=0, pos=array([ 0.,  0.]), rgb=array([ 255.,  255.,  255.]), text=unicode(...), units=u'norm', win=Window(...), wrapWidth=1)
5.7013 	EXP 	Created image = ImageStim(autoLog=True, color=array([ 1.,  1.,  1.]), colorSpace='rgb', contrast=1.0, depth=0.0, flipHoriz=False, flipVert=False, image='sin', interpolate=True, mask=None, maskParams=None, name='image', opacity=1.0, ori=0.0, pos=array([ 0.,  0.]), size=array([ 1.,  1.]), texRes=128, units=u'norm', win=Window(...))
5.7019 	EXP 	window1: recordFrameIntervals = False
5.7185 	EXP 	Instructions: autoDraw = True
5.7188 	EXP 	window1: recordFrameIntervals = False
6.1794 	DATA 	Keypress: space
6.2306 	EXP 	Imported images/datafile.xlsx as conditions, 10 conditions, 2 params
6.2312 	EXP 	Created sequence: random, trialTypes=10, nReps=1, seed=None
6.2319 	EXP 	New trial (rep=0, index=0): {u'correct_ans': u'left', u'images': u'images/gorilla_tongue.jpeg'}
6.2542 	EXP 	Instructions: autoDraw = False
6.2542 	EXP 	image: image = u'images/gorilla_tongue.jpeg'
6.2542 	EXP 	image: autoDraw = True
7.9289 	DATA 	Keypress: left
7.9304 	EXP 	New trial (rep=0, index=1): {u'correct_ans': u'left', u'images': u'images/gorilla_fat.jpeg'}
7.9450 	EXP 	image: autoDraw = False
7.9450 	EXP 	image: image = u'images/gorilla_fat.jpeg'
7.9450 	EXP 	image: autoDraw = True
8.6320 	DATA 	Keypress: left
8.6331 	EXP 	New trial (rep=0, index=2): {u'correct_ans': u'up', u'images': u'images/santa_hog.jpeg'}
8.6482 	EXP 	image: autoDraw = False
8.6482 	EXP 	image: image = u'images/santa_hog.jpeg'
8.6482 	EXP 	image: autoDraw = True
10.4065 	DATA 	Keypress: up
10.4076 	EXP 	New trial (rep=0, index=3): {u'correct_ans': u'left', u'images': u'images/gorilla_face.jpeg'}
10.4227 	EXP 	image: autoDraw = False
10.4227 	EXP 	image: image = u'images/gorilla_face.jpeg'
10.4227 	EXP 	image: autoDraw = True
11.2770 	DATA 	Keypress: left
11.2782 	EXP 	New trial (rep=0, index=4): {u'correct_ans': u'up', u'images': u'images/egg_hog.jpeg'}
11.2933 	EXP 	image: autoDraw = False
11.2933 	EXP 	image: image = u'images/egg_hog.jpeg'
11.2933 	EXP 	image: autoDraw = True
11.9803 	DATA 	Keypress: up
11.9814 	EXP 	New trial (rep=0, index=5): {u'correct_ans': u'right', u'images': u'images/rat_cat.jpeg'}
12.0112 	EXP 	image: autoDraw = False
12.0112 	EXP 	image: image = u'images/rat_cat.jpeg'
12.0112 	EXP 	image: autoDraw = True
12.7169 	DATA 	Keypress: right
12.7181 	EXP 	New trial (rep=0, index=6): {u'correct_ans': u'up', u'images': u'images/marshmallow_hog.jpeg'}
12.7330 	EXP 	image: autoDraw = False
12.7330 	EXP 	image: image = u'images/marshmallow_hog.jpeg'
12.7330 	EXP 	image: autoDraw = True
13.6709 	DATA 	Keypress: up
13.6721 	EXP 	New trial (rep=0, index=7): {u'correct_ans': u'up', u'images': u'images/icecream_hog.jpeg'}
13.6873 	EXP 	image: autoDraw = False
13.6873 	EXP 	image: image = u'images/icecream_hog.jpeg'
13.6873 	EXP 	image: autoDraw = True
14.4244 	DATA 	Keypress: up
14.4256 	EXP 	New trial (rep=0, index=8): {u'correct_ans': u'right', u'images': u'images/ear_muffs_cat.jpeg'}
14.4407 	EXP 	image: autoDraw = False
14.4407 	EXP 	image: image = u'images/ear_muffs_cat.jpeg'
14.4407 	EXP 	image: autoDraw = True
15.1442 	DATA 	Keypress: right
15.1453 	EXP 	New trial (rep=0, index=9): {u'correct_ans': u'right', u'images': u'images/cat_eyes.jpeg'}
15.1605 	EXP 	image: autoDraw = False
15.1605 	EXP 	image: image = u'images/cat_eyes.jpeg'
15.1605 	EXP 	image: autoDraw = True
15.7972 	DATA 	Keypress: right
